#
# A fatal error has been detected by the Java Runtime Environment:
#
#  EXCEPTION_ACCESS_VIOLATION (0xc0000005) at pc=0x0000000066e2c160, pid=141236, tid=144156
#
# JRE version: Java(TM) SE Runtime Environment (9.0+181) (build 9+181)
# Java VM: Java HotSpot(TM) 64-Bit Server VM (9+181, mixed mode, tiered, compressed oops, g1 gc, windows-amd64)
# Problematic frame:
# V  [jvm.dll+0x32c160]
#
# No core dump will be written. Minidumps are not enabled by default on client versions of Windows
#
# If you would like to submit a bug report, please visit:
#   http://bugreport.java.com/bugreport/crash.jsp
#

---------------  S U M M A R Y ------------

Command Line: -agentlib:jdwp=transport=dt_socket,address=127.0.0.1:57174,suspend=y,server=n -javaagent:C:\Users\hiltc\.IdeaIC2018.2\system\captureAgent\debugger-agent.jar=file:/C:/Users/hiltc/AppData/Local/Temp/capture.props -Dfile.encoding=UTF-8 FIT_16207_Gild_Init.ru.nsu.InitMainWindow

Host: Intel(R) Core(TM) i5-8250U CPU @ 1.60GHz, 8 cores, 7G,  Windows 10 , 64 bit Build 17134 (10.0.17134.556)
Time: Sun Feb 24 21:40:18 2019 Iiaineae?neia noaiaa?oiia a?aiy elapsed time: 10149 seconds (0d 2h 49m 9s)

---------------  T H R E A D  ---------------

Current thread (0x0000023d6aea3800):  VMThread "VM Thread" [stack: 0x00000089f3500000,0x00000089f3600000] [id=144156]

Stack: [0x00000089f3500000,0x00000089f3600000],  sp=0x00000089f35fe970,  free space=1018k
Native frames: (J=compiled Java code, j=interpreted, Vv=VM code, C=native code)
V  [jvm.dll+0x32c160]
V  [jvm.dll+0x327b08]
V  [jvm.dll+0x3423ef]
V  [jvm.dll+0x34560d]
V  [jvm.dll+0x296d00]
V  [jvm.dll+0x296df9]
V  [jvm.dll+0x2f8a21]
V  [jvm.dll+0x2f7b7b]
V  [jvm.dll+0x2f5573]
V  [jvm.dll+0x2f68fe]
V  [jvm.dll+0x2f40d5]
V  [jvm.dll+0x2f3523]
V  [jvm.dll+0x5784cf]
V  [jvm.dll+0x5787dc]
V  [jvm.dll+0x578683]
V  [jvm.dll+0x578e7c]
V  [jvm.dll+0x54730a]
V  [jvm.dll+0x465551]
V  [jvm.dll+0x6a356b]
V  [jvm.dll+0x6a1d05]
V  [jvm.dll+0x6a24e1]
V  [jvm.dll+0x6a27cc]
V  [jvm.dll+0x586530]
C  [msvcr120.dll+0x24f7f]
C  [msvcr120.dll+0x25126]
C  [KERNEL32.DLL+0x13dc4]
C  [ntdll.dll+0x73691]


siginfo: EXCEPTION_ACCESS_VIOLATION (0xc0000005), reading address 0xffffffffffffffff


Register to memory mapping:

RIP=0x0000000066e2c160 jvm.dll
RAX=0x53646e4165726170 is an unknown value
RBX=0x0000023d6aea3800 is an unknown value
RCX=0x00000001000016d0 is pointing into metadata
RDX=0x53646e4165726170 is an unknown value
RSP=0x00000089f35fe970 is an unknown value
RBP=0x0000000000000003 is an unknown value
RSI=0x00000089f35fea30 is an unknown value
RDI=0x0000000000000000 is an unknown value
R8 =0x0000023d6aea3800 is an unknown value
R9 =0x53646e4165726170 is an unknown value
R10=0x000000000000006d is an unknown value
R11=0x000000000000006d is an unknown value
R12=0x00000089f35ff201 is an unknown value
R13=0x0000000000000000 is an unknown value
R14=0x000000000000005a is an unknown value
R15=0x0000000000000001 is an unknown value


Registers:
RAX=0x53646e4165726170, RBX=0x0000023d6aea3800, RCX=0x00000001000016d0, RDX=0x53646e4165726170
RSP=0x00000089f35fe970, RBP=0x0000000000000003, RSI=0x00000089f35fea30, RDI=0x0000000000000000
R8 =0x0000023d6aea3800, R9 =0x53646e4165726170, R10=0x000000000000006d, R11=0x000000000000006d
R12=0x00000089f35ff201, R13=0x0000000000000000, R14=0x000000000000005a, R15=0x0000000000000001
RIP=0x0000000066e2c160, EFLAGS=0x0000000000010246

Top of Stack: (sp=0x00000089f35fe970)
0x00000089f35fe970:   00000001000016d0 00000000670790e6
0x00000089f35fe980:   0000000000000000 0000023d6aea3800
0x00000089f35fe990:   0000000000000000 0000000066e27b08
0x00000089f35fe9a0:   00000001000016d0 0000023d6aea3800
0x00000089f35fe9b0:   00000089f35fea30 0000023d6aea3800
0x00000089f35fe9c0:   00000089f35feaa0 0000000066e423ef
0x00000089f35fe9d0:   0000023d6aea3800 00000089f35fefe0
0x00000089f35fe9e0:   0000023d472d2fdc 0000000000000000
0x00000089f35fe9f0:   0000000000000328 0000023d6ad91010
0x00000089f35fea00:   00000089f35feaa0 0000000066e4560d
0x00000089f35fea10:   00000089f35fea30 00000089f35fec00
0x00000089f35fea20:   000000000000005a 00000000670ffa38
0x00000089f35fea30:   2fffffff4fffffff 2fffffff2fffffff
0x00000089f35fea40:   0000023d6aea3800 00000089f35fec00
0x00000089f35fea50:   0000000000000000 0000000066d96d00
0x00000089f35fea60:   00000089f35febf0 0000000000000301 

Instructions: (pc=0x0000000066e2c160)
0x0000000066e2c140:   8b d8 e8 f9 84 d8 ff 48 83 7b 08 00 4c 8b c8 74
0x0000000066e2c150:   04 33 ff eb 23 80 3d b9 08 63 00 00 74 05 33 ff
0x0000000066e2c160:   89 78 0c 48 8d 4d fe 48 8d 78 10 48 85 c9 74 05
0x0000000066e2c170:   33 c0 f3 48 ab 49 8b f9 48 83 7b 08 00 48 8b 74 


VM_Operation (0x00000089f40ff740): GetOrSetLocal, mode: safepoint, requested by thread 0x0000023d6b346800


---------------  P R O C E S S  ---------------

Java Threads: ( => current thread )
  0x0000023d47276000 JavaThread "DestroyJavaVM" [_thread_blocked, id=87268, stack(0x00000089f2000000,0x00000089f2100000)]
  0x0000023d6cf8e800 JavaThread "AWT-EventQueue-0" [_thread_blocked, id=126308, stack(0x00000089f4800000,0x00000089f4900000)]
  0x0000023d6cf8e000 JavaThread "AWT-Shutdown" [_thread_blocked, id=143936, stack(0x00000089f4600000,0x00000089f4700000)]
  0x0000023d6b38e800 JavaThread "AWT-Windows" daemon [_thread_in_native, id=87724, stack(0x00000089f4700000,0x00000089f4800000)]
  0x0000023d6b6a7800 JavaThread "Java2D Disposer" daemon [_thread_blocked, id=142972, stack(0x00000089f4500000,0x00000089f4600000)]
  0x0000023d6b36a800 JavaThread "Service Thread" daemon [_thread_blocked, id=143500, stack(0x00000089f4300000,0x00000089f4400000)]
  0x0000023d6b359000 JavaThread "JDWP Command Reader" daemon [_thread_in_native, id=144100, stack(0x00000089f4200000,0x00000089f4300000)]
  0x0000023d6b356800 JavaThread "JDWP Event Helper Thread" daemon [_thread_blocked, id=143872, stack(0x00000089f4100000,0x00000089f4200000)]
  0x0000023d6b346800 JavaThread "JDWP Transport Listener: dt_socket" daemon [_thread_blocked, id=143824, stack(0x00000089f4000000,0x00000089f4100000)]
  0x0000023d6aeb4000 JavaThread "Common-Cleaner" daemon [_thread_blocked, id=137292, stack(0x00000089f3f00000,0x00000089f4000000)]
  0x0000023d6af29800 JavaThread "Sweeper thread" daemon [_thread_blocked, id=143464, stack(0x00000089f3e00000,0x00000089f3f00000)]
  0x0000023d6af14800 JavaThread "C1 CompilerThread3" daemon [_thread_blocked, id=143812, stack(0x00000089f3d00000,0x00000089f3e00000)]
  0x0000023d6af10800 JavaThread "C2 CompilerThread2" daemon [_thread_blocked, id=124236, stack(0x00000089f3c00000,0x00000089f3d00000)]
  0x0000023d6af11000 JavaThread "C2 CompilerThread1" daemon [_thread_blocked, id=89228, stack(0x00000089f3b00000,0x00000089f3c00000)]
  0x0000023d6af0e000 JavaThread "C2 CompilerThread0" daemon [_thread_blocked, id=140948, stack(0x00000089f3a00000,0x00000089f3b00000)]
  0x0000023d6af05800 JavaThread "Attach Listener" daemon [_thread_blocked, id=143312, stack(0x00000089f3900000,0x00000089f3a00000)]
  0x0000023d6af04800 JavaThread "Signal Dispatcher" daemon [_thread_blocked, id=139192, stack(0x00000089f3800000,0x00000089f3900000)]
  0x0000023d6aebb800 JavaThread "Finalizer" daemon [_thread_blocked, id=144032, stack(0x00000089f3700000,0x00000089f3800000)]
  0x0000023d6aeb9000 JavaThread "Reference Handler" daemon [_thread_blocked, id=143860, stack(0x00000089f3600000,0x00000089f3700000)]

Other Threads:
=>0x0000023d6aea3800 VMThread "VM Thread" [stack: 0x00000089f3500000,0x00000089f3600000] [id=144156]
  0x0000023d6b38e000 WatcherThread [stack: 0x00000089f4400000,0x00000089f4500000] [id=144272]
  0x0000023d4728d000 GCTaskThread "GC Thread#0" [stack: 0x00000089f2100000,0x00000089f2200000] [id=143892]
  0x0000023d4728f000 GCTaskThread "GC Thread#1" [stack: 0x00000089f2200000,0x00000089f2300000] [id=143144]
  0x0000023d47292000 GCTaskThread "GC Thread#2" [stack: 0x00000089f2300000,0x00000089f2400000] [id=142800]
  0x0000023d47294800 GCTaskThread "GC Thread#3" [stack: 0x00000089f2400000,0x00000089f2500000] [id=144332]
  0x0000023d47296800 GCTaskThread "GC Thread#4" [stack: 0x00000089f2500000,0x00000089f2600000] [id=144128]
  0x0000023d472a0000 GCTaskThread "GC Thread#5" [stack: 0x00000089f2600000,0x00000089f2700000] [id=142176]
  0x0000023d4729c800 GCTaskThread "GC Thread#6" [stack: 0x00000089f2700000,0x00000089f2800000] [id=135756]
  0x0000023d4729e000 GCTaskThread "GC Thread#7" [stack: 0x00000089f2800000,0x00000089f2900000] [id=143432]
  0x0000023d472fe800 ConcurrentGCThread "G1 Main Marker" [stack: 0x00000089f3200000,0x00000089f3300000] [id=143436]
  0x0000023d472a0800 ConcurrentGCThread "G1 Marker#0" [stack: 0x00000089f3300000,0x00000089f3400000] [id=141320]
  0x0000023d4729f000 ConcurrentGCThread "G1 Marker#1" [stack: 0x00000089f3400000,0x00000089f3500000] [id=139768]
  0x0000023d472ca800 ConcurrentGCThread "G1 Refine#0" [stack: 0x00000089f3000000,0x00000089f3100000] [id=142832]
  0x0000023d472c9800 ConcurrentGCThread "G1 Refine#1" [stack: 0x00000089f2f00000,0x00000089f3000000] [id=144236]
  0x0000023d472c5800 ConcurrentGCThread "G1 Refine#2" [stack: 0x00000089f2e00000,0x00000089f2f00000] [id=144224]
  0x0000023d472c6000 ConcurrentGCThread "G1 Refine#3" [stack: 0x00000089f2d00000,0x00000089f2e00000] [id=144232]
  0x0000023d472c4800 ConcurrentGCThread "G1 Refine#4" [stack: 0x00000089f2c00000,0x00000089f2d00000] [id=142812]
  0x0000023d472ba000 ConcurrentGCThread "G1 Refine#5" [stack: 0x00000089f2b00000,0x00000089f2c00000] [id=138932]
  0x0000023d472b8800 ConcurrentGCThread "G1 Refine#6" [stack: 0x00000089f2a00000,0x00000089f2b00000] [id=144244]
  0x0000023d472b6000 ConcurrentGCThread "G1 Refine#7" [stack: 0x00000089f2900000,0x00000089f2a00000] [id=143980]
  0x0000023d472cf000 ConcurrentGCThread "G1 Young RemSet Sampling" [stack: 0x00000089f3100000,0x00000089f3200000] [id=143956]

Threads with active compile tasks:

VM state:at safepoint (normal execution)

VM Mutex/Monitor currently owned by a thread:  ([mutex/lock_event])
[0x0000023d47273210] Threads_lock - owner thread: 0x0000023d6aea3800

Heap address: 0x0000000081a00000, size: 2022 MB, Compressed Oops mode: 32-bit
Narrow klass base: 0x0000000000000000, Narrow klass shift: 3
Compressed class space size: 1073741824 Address: 0x0000000100000000

Heap:
 garbage-first heap   total 131072K, used 11467K [0x0000000081a00000, 0x0000000081b00400, 0x0000000100000000)
  region size 1024K, 10 young (10240K), 3 survivors (3072K)
 Metaspace       used 15717K, capacity 17558K, committed 17664K, reserved 1064960K
  class space    used 1841K, capacity 2203K, committed 2304K, reserved 1048576K
Heap Regions: E=young(eden), S=young(survivor), O=old, HS=humongous(starts), HC=humongous(continues), CS=collection set, F=free, A=archive, TS=gc time stamp, AC=allocation context, TAMS=top-at-mark-start (previous, next)
|   0|0x0000000081a00000, 0x0000000081b00000, 0x0000000081b00000|100%|HS|  |TS  0|AC  0|TAMS 0x0000000081a00000, 0x0000000081a00000|
|   1|0x0000000081b00000, 0x0000000081c00000, 0x0000000081c00000|100%|HC|  |TS  0|AC  0|TAMS 0x0000000081b00000, 0x0000000081b00000|
|   2|0x0000000081c00000, 0x0000000081c32c00, 0x0000000081d00000| 19%| O|  |TS  1|AC  0|TAMS 0x0000000081c00000, 0x0000000081c00000|
|   3|0x0000000081d00000, 0x0000000081d00000, 0x0000000081e00000|  0%| F|  |TS  0|AC  0|TAMS 0x0000000081d00000, 0x0000000081d00000|
|   4|0x0000000081e00000, 0x0000000081e00000, 0x0000000081f00000|  0%| F|  |TS  0|AC  0|TAMS 0x0000000081e00000, 0x0000000081e00000|
|   5|0x0000000081f00000, 0x0000000081f00000, 0x0000000082000000|  0%| F|  |TS  0|AC  0|TAMS 0x0000000081f00000, 0x0000000081f00000|
|   6|0x0000000082000000, 0x0000000082000000, 0x0000000082100000|  0%| F|  |TS  0|AC  0|TAMS 0x0000000082000000, 0x0000000082000000|
|   7|0x0000000082100000, 0x0000000082100000, 0x0000000082200000|  0%| F|  |TS  0|AC  0|TAMS 0x0000000082100000, 0x0000000082100000|
|   8|0x0000000082200000, 0x0000000082200000, 0x0000000082300000|  0%| F|  |TS  0|AC  0|TAMS 0x0000000082200000, 0x0000000082200000|
|   9|0x0000000082300000, 0x0000000082300000, 0x0000000082400000|  0%| F|  |TS  0|AC  0|TAMS 0x0000000082300000, 0x0000000082300000|
|  10|0x0000000082400000, 0x0000000082400000, 0x0000000082500000|  0%| F|  |TS  0|AC  0|TAMS 0x0000000082400000, 0x0000000082400000|
|  11|0x0000000082500000, 0x0000000082500000, 0x0000000082600000|  0%| F|  |TS  0|AC  0|TAMS 0x0000000082500000, 0x0000000082500000|
|  12|0x0000000082600000, 0x0000000082600000, 0x0000000082700000|  0%| F|  |TS  0|AC  0|TAMS 0x0000000082600000, 0x0000000082600000|
|  13|0x0000000082700000, 0x0000000082700000, 0x0000000082800000|  0%| F|  |TS  0|AC  0|TAMS 0x0000000082700000, 0x0000000082700000|
|  14|0x0000000082800000, 0x0000000082800000, 0x0000000082900000|  0%| F|  |TS  0|AC  0|TAMS 0x0000000082800000, 0x0000000082800000|
|  15|0x0000000082900000, 0x0000000082900000, 0x0000000082a00000|  0%| F|  |TS  0|AC  0|TAMS 0x0000000082900000, 0x0000000082900000|
|  16|0x0000000082a00000, 0x0000000082a00000, 0x0000000082b00000|  0%| F|  |TS  0|AC  0|TAMS 0x0000000082a00000, 0x0000000082a00000|
|  17|0x0000000082b00000, 0x0000000082b00000, 0x0000000082c00000|  0%| F|  |TS  0|AC  0|TAMS 0x0000000082b00000, 0x0000000082b00000|
|  18|0x0000000082c00000, 0x0000000082c00000, 0x0000000082d00000|  0%| F|  |TS  0|AC  0|TAMS 0x0000000082c00000, 0x0000000082c00000|
|  19|0x0000000082d00000, 0x0000000082d00000, 0x0000000082e00000|  0%| F|  |TS  0|AC  0|TAMS 0x0000000082d00000, 0x0000000082d00000|
|  20|0x0000000082e00000, 0x0000000082e00000, 0x0000000082f00000|  0%| F|  |TS  0|AC  0|TAMS 0x0000000082e00000, 0x0000000082e00000|
|  21|0x0000000082f00000, 0x0000000082f00000, 0x0000000083000000|  0%| F|  |TS  0|AC  0|TAMS 0x0000000082f00000, 0x0000000082f00000|
|  22|0x0000000083000000, 0x0000000083000000, 0x0000000083100000|  0%| F|  |TS  0|AC  0|TAMS 0x0000000083000000, 0x0000000083000000|
|  23|0x0000000083100000, 0x0000000083100000, 0x0000000083200000|  0%| F|  |TS  0|AC  0|TAMS 0x0000000083100000, 0x0000000083100000|
|  24|0x0000000083200000, 0x0000000083200000, 0x0000000083300000|  0%| F|  |TS  0|AC  0|TAMS 0x0000000083200000, 0x0000000083200000|
|  25|0x0000000083300000, 0x0000000083300000, 0x0000000083400000|  0%| F|  |TS  0|AC  0|TAMS 0x0000000083300000, 0x0000000083300000|
|  26|0x0000000083400000, 0x0000000083400000, 0x0000000083500000|  0%| F|  |TS  0|AC  0|TAMS 0x0000000083400000, 0x0000000083400000|
|  27|0x0000000083500000, 0x0000000083500000, 0x0000000083600000|  0%| F|  |TS  0|AC  0|TAMS 0x0000000083500000, 0x0000000083500000|
|  28|0x0000000083600000, 0x0000000083600000, 0x0000000083700000|  0%| F|  |TS  0|AC  0|TAMS 0x0000000083600000, 0x0000000083600000|
|  29|0x0000000083700000, 0x0000000083700000, 0x0000000083800000|  0%| F|  |TS  0|AC  0|TAMS 0x0000000083700000, 0x0000000083700000|
|  30|0x0000000083800000, 0x0000000083800000, 0x0000000083900000|  0%| F|  |TS  0|AC  0|TAMS 0x0000000083800000, 0x0000000083800000|
|  31|0x0000000083900000, 0x0000000083900000, 0x0000000083a00000|  0%| F|  |TS  0|AC  0|TAMS 0x0000000083900000, 0x0000000083900000|
|  32|0x0000000083a00000, 0x0000000083a00000, 0x0000000083b00000|  0%| F|  |TS  0|AC  0|TAMS 0x0000000083a00000, 0x0000000083a00000|
|  33|0x0000000083b00000, 0x0000000083b00000, 0x0000000083c00000|  0%| F|  |TS  0|AC  0|TAMS 0x0000000083b00000, 0x0000000083b00000|
|  34|0x0000000083c00000, 0x0000000083c00000, 0x0000000083d00000|  0%| F|  |TS  0|AC  0|TAMS 0x0000000083c00000, 0x0000000083c00000|
|  35|0x0000000083d00000, 0x0000000083d00000, 0x0000000083e00000|  0%| F|  |TS  0|AC  0|TAMS 0x0000000083d00000, 0x0000000083d00000|
|  36|0x0000000083e00000, 0x0000000083e00000, 0x0000000083f00000|  0%| F|  |TS  0|AC  0|TAMS 0x0000000083e00000, 0x0000000083e00000|
|  37|0x0000000083f00000, 0x0000000083f00000, 0x0000000084000000|  0%| F|  |TS  0|AC  0|TAMS 0x0000000083f00000, 0x0000000083f00000|
|  38|0x0000000084000000, 0x0000000084000000, 0x0000000084100000|  0%| F|  |TS  0|AC  0|TAMS 0x0000000084000000, 0x0000000084000000|
|  39|0x0000000084100000, 0x0000000084100000, 0x0000000084200000|  0%| F|  |TS  0|AC  0|TAMS 0x0000000084100000, 0x0000000084100000|
|  40|0x0000000084200000, 0x0000000084200000, 0x0000000084300000|  0%| F|  |TS  0|AC  0|TAMS 0x0000000084200000, 0x0000000084200000|
|  41|0x0000000084300000, 0x0000000084300000, 0x0000000084400000|  0%| F|  |TS  0|AC  0|TAMS 0x0000000084300000, 0x0000000084300000|
|  42|0x0000000084400000, 0x0000000084400000, 0x0000000084500000|  0%| F|  |TS  0|AC  0|TAMS 0x0000000084400000, 0x0000000084400000|
|  43|0x0000000084500000, 0x0000000084500000, 0x0000000084600000|  0%| F|  |TS  0|AC  0|TAMS 0x0000000084500000, 0x0000000084500000|
|  44|0x0000000084600000, 0x0000000084600000, 0x0000000084700000|  0%| F|  |TS  0|AC  0|TAMS 0x0000000084600000, 0x0000000084600000|
|  45|0x0000000084700000, 0x0000000084700000, 0x0000000084800000|  0%| F|  |TS  0|AC  0|TAMS 0x0000000084700000, 0x0000000084700000|
|  46|0x0000000084800000, 0x0000000084800000, 0x0000000084900000|  0%| F|  |TS  0|AC  0|TAMS 0x0000000084800000, 0x0000000084800000|
|  47|0x0000000084900000, 0x0000000084900000, 0x0000000084a00000|  0%| F|  |TS  0|AC  0|TAMS 0x0000000084900000, 0x0000000084900000|
|  48|0x0000000084a00000, 0x0000000084a00000, 0x0000000084b00000|  0%| F|  |TS  0|AC  0|TAMS 0x0000000084a00000, 0x0000000084a00000|
|  49|0x0000000084b00000, 0x0000000084b00000, 0x0000000084c00000|  0%| F|  |TS  0|AC  0|TAMS 0x0000000084b00000, 0x0000000084b00000|
|  50|0x0000000084c00000, 0x0000000084c00000, 0x0000000084d00000|  0%| F|  |TS  0|AC  0|TAMS 0x0000000084c00000, 0x0000000084c00000|
|  51|0x0000000084d00000, 0x0000000084d00000, 0x0000000084e00000|  0%| F|  |TS  0|AC  0|TAMS 0x0000000084d00000, 0x0000000084d00000|
|  52|0x0000000084e00000, 0x0000000084e00000, 0x0000000084f00000|  0%| F|  |TS  0|AC  0|TAMS 0x0000000084e00000, 0x0000000084e00000|
|  53|0x0000000084f00000, 0x0000000084f00000, 0x0000000085000000|  0%| F|  |TS  0|AC  0|TAMS 0x0000000084f00000, 0x0000000084f00000|
|  54|0x0000000085000000, 0x0000000085000000, 0x0000000085100000|  0%| F|  |TS  0|AC  0|TAMS 0x0000000085000000, 0x0000000085000000|
|  55|0x0000000085100000, 0x0000000085100000, 0x0000000085200000|  0%| F|  |TS  0|AC  0|TAMS 0x0000000085100000, 0x0000000085100000|
|  56|0x0000000085200000, 0x0000000085200000, 0x0000000085300000|  0%| F|  |TS  0|AC  0|TAMS 0x0000000085200000, 0x0000000085200000|
|  57|0x0000000085300000, 0x0000000085300000, 0x0000000085400000|  0%| F|  |TS  0|AC  0|TAMS 0x0000000085300000, 0x0000000085300000|
|  58|0x0000000085400000, 0x0000000085400000, 0x0000000085500000|  0%| F|  |TS  0|AC  0|TAMS 0x0000000085400000, 0x0000000085400000|
|  59|0x0000000085500000, 0x0000000085500000, 0x0000000085600000|  0%| F|  |TS  0|AC  0|TAMS 0x0000000085500000, 0x0000000085500000|
|  60|0x0000000085600000, 0x0000000085600000, 0x0000000085700000|  0%| F|  |TS  0|AC  0|TAMS 0x0000000085600000, 0x0000000085600000|
|  61|0x0000000085700000, 0x0000000085700000, 0x0000000085800000|  0%| F|  |TS  0|AC  0|TAMS 0x0000000085700000, 0x0000000085700000|
|  62|0x0000000085800000, 0x0000000085800000, 0x0000000085900000|  0%| F|  |TS  0|AC  0|TAMS 0x0000000085800000, 0x0000000085800000|
|  63|0x0000000085900000, 0x0000000085900000, 0x0000000085a00000|  0%| F|  |TS  0|AC  0|TAMS 0x0000000085900000, 0x0000000085900000|
|  64|0x0000000085a00000, 0x0000000085a00000, 0x0000000085b00000|  0%| F|  |TS  0|AC  0|TAMS 0x0000000085a00000, 0x0000000085a00000|
|  65|0x0000000085b00000, 0x0000000085b00000, 0x0000000085c00000|  0%| F|  |TS  0|AC  0|TAMS 0x0000000085b00000, 0x0000000085b00000|
|  66|0x0000000085c00000, 0x0000000085c00000, 0x0000000085d00000|  0%| F|  |TS  0|AC  0|TAMS 0x0000000085c00000, 0x0000000085c00000|
|  67|0x0000000085d00000, 0x0000000085d00000, 0x0000000085e00000|  0%| F|  |TS  0|AC  0|TAMS 0x0000000085d00000, 0x0000000085d00000|
|  68|0x0000000085e00000, 0x0000000085e00000, 0x0000000085f00000|  0%| F|  |TS  0|AC  0|TAMS 0x0000000085e00000, 0x0000000085e00000|
|  69|0x0000000085f00000, 0x0000000085f00000, 0x0000000086000000|  0%| F|  |TS  0|AC  0|TAMS 0x0000000085f00000, 0x0000000085f00000|
|  70|0x0000000086000000, 0x0000000086000000, 0x0000000086100000|  0%| F|  |TS  0|AC  0|TAMS 0x0000000086000000, 0x0000000086000000|
|  71|0x0000000086100000, 0x0000000086100000, 0x0000000086200000|  0%| F|  |TS  0|AC  0|TAMS 0x0000000086100000, 0x0000000086100000|
|  72|0x0000000086200000, 0x0000000086200000, 0x0000000086300000|  0%| F|  |TS  0|AC  0|TAMS 0x0000000086200000, 0x0000000086200000|
|  73|0x0000000086300000, 0x0000000086300000, 0x0000000086400000|  0%| F|  |TS  0|AC  0|TAMS 0x0000000086300000, 0x0000000086300000|
|  74|0x0000000086400000, 0x0000000086400000, 0x0000000086500000|  0%| F|  |TS  0|AC  0|TAMS 0x0000000086400000, 0x0000000086400000|
|  75|0x0000000086500000, 0x0000000086500000, 0x0000000086600000|  0%| F|  |TS  0|AC  0|TAMS 0x0000000086500000, 0x0000000086500000|
|  76|0x0000000086600000, 0x0000000086600000, 0x0000000086700000|  0%| F|  |TS  0|AC  0|TAMS 0x0000000086600000, 0x0000000086600000|
|  77|0x0000000086700000, 0x0000000086700000, 0x0000000086800000|  0%| F|  |TS  0|AC  0|TAMS 0x0000000086700000, 0x0000000086700000|
|  78|0x0000000086800000, 0x0000000086800000, 0x0000000086900000|  0%| F|  |TS  0|AC  0|TAMS 0x0000000086800000, 0x0000000086800000|
|  79|0x0000000086900000, 0x0000000086900000, 0x0000000086a00000|  0%| F|  |TS  0|AC  0|TAMS 0x0000000086900000, 0x0000000086900000|
|  80|0x0000000086a00000, 0x0000000086a00000, 0x0000000086b00000|  0%| F|  |TS  0|AC  0|TAMS 0x0000000086a00000, 0x0000000086a00000|
|  81|0x0000000086b00000, 0x0000000086b00000, 0x0000000086c00000|  0%| F|  |TS  0|AC  0|TAMS 0x0000000086b00000, 0x0000000086b00000|
|  82|0x0000000086c00000, 0x0000000086c00000, 0x0000000086d00000|  0%| F|  |TS  0|AC  0|TAMS 0x0000000086c00000, 0x0000000086c00000|
|  83|0x0000000086d00000, 0x0000000086d00000, 0x0000000086e00000|  0%| F|  |TS  0|AC  0|TAMS 0x0000000086d00000, 0x0000000086d00000|
|  84|0x0000000086e00000, 0x0000000086e00000, 0x0000000086f00000|  0%| F|  |TS  0|AC  0|TAMS 0x0000000086e00000, 0x0000000086e00000|
|  85|0x0000000086f00000, 0x0000000086f00000, 0x0000000087000000|  0%| F|  |TS  0|AC  0|TAMS 0x0000000086f00000, 0x0000000086f00000|
|  86|0x0000000087000000, 0x0000000087000000, 0x0000000087100000|  0%| F|  |TS  0|AC  0|TAMS 0x0000000087000000, 0x0000000087000000|
|  87|0x0000000087100000, 0x0000000087100000, 0x0000000087200000|  0%| F|  |TS  0|AC  0|TAMS 0x0000000087100000, 0x0000000087100000|
|  88|0x0000000087200000, 0x0000000087200000, 0x0000000087300000|  0%| F|  |TS  0|AC  0|TAMS 0x0000000087200000, 0x0000000087200000|
|  89|0x0000000087300000, 0x0000000087300000, 0x0000000087400000|  0%| F|  |TS  0|AC  0|TAMS 0x0000000087300000, 0x0000000087300000|
|  90|0x0000000087400000, 0x0000000087400000, 0x0000000087500000|  0%| F|  |TS  0|AC  0|TAMS 0x0000000087400000, 0x0000000087400000|
|  91|0x0000000087500000, 0x0000000087500000, 0x0000000087600000|  0%| F|  |TS  0|AC  0|TAMS 0x0000000087500000, 0x0000000087500000|
|  92|0x0000000087600000, 0x0000000087600000, 0x0000000087700000|  0%| F|  |TS  0|AC  0|TAMS 0x0000000087600000, 0x0000000087600000|
|  93|0x0000000087700000, 0x0000000087700000, 0x0000000087800000|  0%| F|  |TS  0|AC  0|TAMS 0x0000000087700000, 0x0000000087700000|
|  94|0x0000000087800000, 0x0000000087800000, 0x0000000087900000|  0%| F|  |TS  0|AC  0|TAMS 0x0000000087800000, 0x0000000087800000|
|  95|0x0000000087900000, 0x0000000087900000, 0x0000000087a00000|  0%| F|  |TS  0|AC  0|TAMS 0x0000000087900000, 0x0000000087900000|
|  96|0x0000000087a00000, 0x0000000087a00000, 0x0000000087b00000|  0%| F|  |TS  0|AC  0|TAMS 0x0000000087a00000, 0x0000000087a00000|
|  97|0x0000000087b00000, 0x0000000087b00000, 0x0000000087c00000|  0%| F|  |TS  0|AC  0|TAMS 0x0000000087b00000, 0x0000000087b00000|
|  98|0x0000000087c00000, 0x0000000087c00000, 0x0000000087d00000|  0%| F|  |TS  0|AC  0|TAMS 0x0000000087c00000, 0x0000000087c00000|
|  99|0x0000000087d00000, 0x0000000087d00000, 0x0000000087e00000|  0%| F|  |TS  0|AC  0|TAMS 0x0000000087d00000, 0x0000000087d00000|
| 100|0x0000000087e00000, 0x0000000087e00000, 0x0000000087f00000|  0%| F|  |TS  0|AC  0|TAMS 0x0000000087e00000, 0x0000000087e00000|
| 101|0x0000000087f00000, 0x0000000088000000, 0x0000000088000000|100%| S|CS|TS  1|AC  0|TAMS 0x0000000087f00000, 0x0000000087f00000|
| 102|0x0000000088000000, 0x0000000088100000, 0x0000000088100000|100%| S|CS|TS  1|AC  0|TAMS 0x0000000088000000, 0x0000000088000000|
| 103|0x0000000088100000, 0x0000000088200000, 0x0000000088200000|100%| S|CS|TS  1|AC  0|TAMS 0x0000000088100000, 0x0000000088100000|
| 104|0x0000000088200000, 0x0000000088200000, 0x0000000088300000|  0%| F|  |TS  1|AC  0|TAMS 0x0000000088200000, 0x0000000088200000|
| 105|0x0000000088300000, 0x0000000088300000, 0x0000000088400000|  0%| F|  |TS  1|AC  0|TAMS 0x0000000088300000, 0x0000000088300000|
| 106|0x0000000088400000, 0x0000000088400000, 0x0000000088500000|  0%| F|  |TS  1|AC  0|TAMS 0x0000000088400000, 0x0000000088400000|
| 107|0x0000000088500000, 0x0000000088500000, 0x0000000088600000|  0%| F|  |TS  1|AC  0|TAMS 0x0000000088500000, 0x0000000088500000|
| 108|0x0000000088600000, 0x0000000088600000, 0x0000000088700000|  0%| F|  |TS  1|AC  0|TAMS 0x0000000088600000, 0x0000000088600000|
| 109|0x0000000088700000, 0x0000000088700000, 0x0000000088800000|  0%| F|  |TS  1|AC  0|TAMS 0x0000000088700000, 0x0000000088700000|
| 110|0x0000000088800000, 0x0000000088800000, 0x0000000088900000|  0%| F|  |TS  1|AC  0|TAMS 0x0000000088800000, 0x0000000088800000|
| 111|0x0000000088900000, 0x0000000088900000, 0x0000000088a00000|  0%| F|  |TS  1|AC  0|TAMS 0x0000000088900000, 0x0000000088900000|
| 112|0x0000000088a00000, 0x0000000088a00000, 0x0000000088b00000|  0%| F|  |TS  1|AC  0|TAMS 0x0000000088a00000, 0x0000000088a00000|
| 113|0x0000000088b00000, 0x0000000088b00000, 0x0000000088c00000|  0%| F|  |TS  1|AC  0|TAMS 0x0000000088b00000, 0x0000000088b00000|
| 114|0x0000000088c00000, 0x0000000088c00000, 0x0000000088d00000|  0%| F|  |TS  1|AC  0|TAMS 0x0000000088c00000, 0x0000000088c00000|
| 115|0x0000000088d00000, 0x0000000088d00000, 0x0000000088e00000|  0%| F|  |TS  1|AC  0|TAMS 0x0000000088d00000, 0x0000000088d00000|
| 116|0x0000000088e00000, 0x0000000088e00000, 0x0000000088f00000|  0%| F|  |TS  1|AC  0|TAMS 0x0000000088e00000, 0x0000000088e00000|
| 117|0x0000000088f00000, 0x0000000088f00000, 0x0000000089000000|  0%| F|  |TS  1|AC  0|TAMS 0x0000000088f00000, 0x0000000088f00000|
| 118|0x0000000089000000, 0x0000000089000000, 0x0000000089100000|  0%| F|  |TS  1|AC  0|TAMS 0x0000000089000000, 0x0000000089000000|
| 119|0x0000000089100000, 0x0000000089100000, 0x0000000089200000|  0%| F|  |TS  1|AC  0|TAMS 0x0000000089100000, 0x0000000089100000|
| 120|0x0000000089200000, 0x0000000089200000, 0x0000000089300000|  0%| F|  |TS  1|AC  0|TAMS 0x0000000089200000, 0x0000000089200000|
| 121|0x0000000089300000, 0x0000000089380800, 0x0000000089400000| 50%| E|  |TS  1|AC  0|TAMS 0x0000000089300000, 0x0000000089300000|
| 122|0x0000000089400000, 0x0000000089500000, 0x0000000089500000|100%| E|CS|TS  1|AC  0|TAMS 0x0000000089400000, 0x0000000089400000|
| 123|0x0000000089500000, 0x0000000089600000, 0x0000000089600000|100%| E|CS|TS  1|AC  0|TAMS 0x0000000089500000, 0x0000000089500000|
| 124|0x0000000089600000, 0x0000000089700000, 0x0000000089700000|100%| E|CS|TS  1|AC  0|TAMS 0x0000000089600000, 0x0000000089600000|
| 125|0x0000000089700000, 0x0000000089800000, 0x0000000089800000|100%| E|CS|TS  1|AC  0|TAMS 0x0000000089700000, 0x0000000089700000|
| 126|0x0000000089800000, 0x0000000089900000, 0x0000000089900000|100%| E|CS|TS  1|AC  0|TAMS 0x0000000089800000, 0x0000000089800000|
| 127|0x0000000089900000, 0x0000000089a00000, 0x0000000089a00000|100%| E|CS|TS  1|AC  0|TAMS 0x0000000089900000, 0x0000000089900000|

Card table byte_map: [0x0000023d63450000,0x0000023d63850000] byte_map_base: 0x0000023d63043000

Marking Bits (Prev, Next): (CMBitMap*) 0x0000023d472fe130, (CMBitMap*) 0x0000023d472fe168
 Prev Bits: [0x0000023d63c50000, 0x0000023d65be8000)
 Next Bits: [0x0000023d65bf0000, 0x0000023d67b88000)

Polling page: 0x0000023d47190000

CodeHeap 'non-profiled nmethods': size=120000Kb used=751Kb max_used=751Kb free=119248Kb
 bounds [0x0000023d5acc0000, 0x0000023d5af30000, 0x0000023d621f0000]
CodeHeap 'profiled nmethods': size=120000Kb used=2097Kb max_used=2300Kb free=117902Kb
 bounds [0x0000023d53790000, 0x0000023d53a00000, 0x0000023d5acc0000]
CodeHeap 'non-nmethods': size=5760Kb used=1381Kb max_used=1447Kb free=4378Kb
 bounds [0x0000023d531f0000, 0x0000023d53460000, 0x0000023d53790000]
 total_blobs=2220 nmethods=1160 adapters=538
 compilation: enabled

Compilation events (10 events):
Event: 9734.760 Thread 0x0000023d6af14800 1297       3       java.util.Arrays$ArrayList::<init> (16 bytes)
Event: 9734.761 Thread 0x0000023d6af14800 nmethod 1297 0x0000023d537bc810 code [0x0000023d537bca00, 0x0000023d537bce30]
Event: 9735.218 Thread 0x0000023d6af11000 1298       4       java.lang.Integer::toString (55 bytes)
Event: 9735.227 Thread 0x0000023d6af11000 nmethod 1298 0x0000023d5ad7a710 code [0x0000023d5ad7a8c0, 0x0000023d5ad7ad58]
Event: 9960.102 Thread 0x0000023d6af10800 1299   !   4       java.util.AbstractList$Itr::next (45 bytes)
Event: 9960.102 Thread 0x0000023d6af0e000 1300       4       java.util.ArrayList::get (15 bytes)
Event: 9960.104 Thread 0x0000023d6af0e000 nmethod 1300 0x0000023d5ad7b010 code [0x0000023d5ad7b1a0, 0x0000023d5ad7b2d8]
Event: 9960.104 Thread 0x0000023d6af10800 nmethod 1299 0x0000023d5ad7b410 code [0x0000023d5ad7b5a0, 0x0000023d5ad7b718]
Event: 10068.746 Thread 0x0000023d6af11000 1301       4       java.util.AbstractList$SubList$1::next (25 bytes)
Event: 10068.750 Thread 0x0000023d6af11000 nmethod 1301 0x0000023d5ad7b890 code [0x0000023d5ad7ba40, 0x0000023d5ad7bcd8]

GC Heap History (2 events):
Event: 4.428 GC heap before
{Heap before GC invocations=0 (full 0):
 garbage-first heap   total 131072K, used 26624K [0x0000000081a00000, 0x0000000081b00400, 0x0000000100000000)
  region size 1024K, 24 young (24576K), 0 survivors (0K)
 Metaspace       used 15187K, capacity 16568K, committed 16896K, reserved 1064960K
  class space    used 1717K, capacity 1970K, committed 2048K, reserved 1048576K
}
Event: 4.438 GC heap after
{Heap after GC invocations=1 (full 0):
 garbage-first heap   total 131072K, used 5323K [0x0000000081a00000, 0x0000000081b00400, 0x0000000100000000)
  region size 1024K, 3 young (3072K), 3 survivors (3072K)
 Metaspace       used 15187K, capacity 16568K, committed 16896K, reserved 1064960K
  class space    used 1717K, capacity 1970K, committed 2048K, reserved 1048576K
}

Deoptimization events (10 events):
Event: 3.566 Thread 0x0000023d47276000 Uncommon trap: reason=class_check action=maybe_recompile pc=0x0000023d5acd6054 method=java.lang.String.equals(Ljava/lang/Object;)Z @ 8 c2
Event: 3.572 Thread 0x0000023d47276000 Uncommon trap: reason=bimorphic_or_optimized_type_check action=maybe_recompile pc=0x0000023d5ad244ec method=java.util.HashMap.getNode(ILjava/lang/Object;)Ljava/util/HashMap$Node; @ 59 c2
Event: 3.572 Thread 0x0000023d47276000 Uncommon trap: reason=bimorphic_or_optimized_type_check action=maybe_recompile pc=0x0000023d5ad244ec method=java.util.HashMap.getNode(ILjava/lang/Object;)Ljava/util/HashMap$Node; @ 59 c2
Event: 3.572 Thread 0x0000023d47276000 Uncommon trap: reason=class_check action=maybe_recompile pc=0x0000023d5acd6054 method=java.lang.String.equals(Ljava/lang/Object;)Z @ 8 c2
Event: 3.573 Thread 0x0000023d47276000 Uncommon trap: reason=bimorphic_or_optimized_type_check action=maybe_recompile pc=0x0000023d5ad244ec method=java.util.HashMap.getNode(ILjava/lang/Object;)Ljava/util/HashMap$Node; @ 59 c2
Event: 3.573 Thread 0x0000023d47276000 Uncommon trap: reason=bimorphic_or_optimized_type_check action=maybe_recompile pc=0x0000023d5ad23c20 method=java.util.HashMap.getNode(ILjava/lang/Object;)Ljava/util/HashMap$Node; @ 59 c2
Event: 3.573 Thread 0x0000023d47276000 Uncommon trap: reason=class_check action=maybe_recompile pc=0x0000023d5acd6054 method=java.lang.String.equals(Ljava/lang/Object;)Z @ 8 c2
Event: 3.575 Thread 0x0000023d47276000 Uncommon trap: reason=class_check action=maybe_recompile pc=0x0000023d5acd6054 method=java.lang.String.equals(Ljava/lang/Object;)Z @ 8 c2
Event: 4.408 Thread 0x0000023d6cf8e800 Uncommon trap: reason=intrinsic_or_type_checked_inlining action=make_not_entrant pc=0x0000023d5ad3bb2c method=java.util.Arrays.copyOf([Ljava/lang/Object;ILjava/lang/Class;)[Ljava/lang/Object; @ 35 c2
Event: 4.441 Thread 0x0000023d6cf8e800 Uncommon trap: reason=unstable_if action=reinterpret pc=0x0000023d5ad0f098 method=java.lang.ref.ReferenceQueue.poll()Ljava/lang/ref/Reference; @ 4 c2

Classes redefined (10 events):
Event: 9919.785 Thread 0x0000023d6aea3800 redefined class name=FIT_16207_Gild_Init.ru.nsu.InitView$1, count=1
Event: 9919.789 Thread 0x0000023d6aea3800 redefined class name=FIT_16207_Gild_Init.ru.nsu.InitView, count=1
Event: 9959.833 Thread 0x0000023d6aea3800 redefined class name=FIT_16207_Gild_Init.ru.nsu.InitView$1, count=2
Event: 9959.837 Thread 0x0000023d6aea3800 redefined class name=FIT_16207_Gild_Init.ru.nsu.InitView, count=2
Event: 9991.752 Thread 0x0000023d6aea3800 redefined class name=FIT_16207_Gild_Init.ru.nsu.InitView$1, count=3
Event: 9991.757 Thread 0x0000023d6aea3800 redefined class name=FIT_16207_Gild_Init.ru.nsu.InitView, count=3
Event: 10068.477 Thread 0x0000023d6aea3800 redefined class name=FIT_16207_Gild_Init.ru.nsu.InitView$1, count=4
Event: 10068.482 Thread 0x0000023d6aea3800 redefined class name=FIT_16207_Gild_Init.ru.nsu.InitView, count=4
Event: 10148.955 Thread 0x0000023d6aea3800 redefined class name=FIT_16207_Gild_Init.ru.nsu.InitView$1, count=5
Event: 10148.959 Thread 0x0000023d6aea3800 redefined class name=FIT_16207_Gild_Init.ru.nsu.InitView, count=5

Internal exceptions (10 events):
Event: 4.530 Thread 0x0000023d6cf8e800 Exception <a 'java/lang/NoSuchMethodError'{0x000000008979ebe0}: method resolution failed> (0x000000008979ebe0) thrown at [c:/workspace/9-2-build-windows-amd64-cygwin-phase2/jdk9/6725/hotspot/src/share/vm/prims/methodHandles.cpp, line 1256]
Event: 4.531 Thread 0x0000023d6cf8e800 Exception <a 'java/lang/NoSuchMethodError'{0x00000000897a28c0}: java.lang.invoke.DelegatingMethodHandle$Holder.reinvoke_L(Ljava/lang/Object;Ljava/lang/Object;Ljava/lang/Object;Ljava/lang/Object;Ljava/lang/Object;I)Ljava/lang/Object;> (0x00000000897a28c0) 
Event: 4.754 Thread 0x0000023d6cf8e800 Exception <a 'java/lang/NoSuchMethodError'{0x000000008966cef0}: java.lang.invoke.DirectMethodHandle$Holder.invokeSpecial(Ljava/lang/Object;Ljava/lang/Object;IILjava/lang/Object;IILjava/lang/Object;)Ljava/lang/Object;> (0x000000008966cef0) thrown at [c:/wo
Event: 4.755 Thread 0x0000023d6cf8e800 Exception <a 'java/lang/NoSuchMethodError'{0x0000000089670660}: java.lang.invoke.DelegatingMethodHandle$Holder.reinvoke_L(Ljava/lang/Object;IILjava/lang/Object;IILjava/lang/Object;)Ljava/lang/Object;> (0x0000000089670660) thrown at [c:/workspace/9-2-build
Event: 4.766 Thread 0x0000023d6cf8e800 Exception <a 'java/lang/NoSuchMethodError'{0x00000000896a7bb8}: java.lang.invoke.DirectMethodHandle$Holder.invokeStatic(Ljava/lang/Object;Ljava/lang/Object;Ljava/lang/Object;Ljava/lang/Object;Ljava/lang/Object;Ljava/lang/Object;Ljava/lang/Object;Ljava/lan
Event: 4.772 Thread 0x0000023d6cf8e800 Exception <a 'java/lang/NoSuchMethodError'{0x00000000896c5d78}: java.lang.invoke.DirectMethodHandle$Holder.invokeStatic(Ljava/lang/Object;Ljava/lang/Object;Ljava/lang/Object;Ljava/lang/Object;Ljava/lang/Object;Ljava/lang/Object;Ljava/lang/Object;Ljava/lan
Event: 4.777 Thread 0x0000023d6cf8e800 Exception <a 'java/lang/NoSuchMethodError'{0x00000000896d1ec8}: java.lang.invoke.DirectMethodHandle$Holder.invokeSpecial(Ljava/lang/Object;Ljava/lang/Object;Ljava/lang/Object;IILjava/lang/Object;)Ljava/lang/Object;> (0x00000000896d1ec8) thrown at [c:/work
Event: 4.843 Thread 0x0000023d6cf8e800 Exception <a 'java/lang/NoSuchMethodError'{0x0000000089552058}: java.lang.invoke.DirectMethodHandle$Holder.invokeSpecial(Ljava/lang/Object;Ljava/lang/Object;IIILjava/lang/Object;Ljava/lang/Object;I)Ljava/lang/Object;> (0x0000000089552058) thrown at [c:/wo
Event: 4.844 Thread 0x0000023d6cf8e800 Exception <a 'java/lang/NoSuchMethodError'{0x00000000895557c8}: java.lang.invoke.DelegatingMethodHandle$Holder.reinvoke_L(Ljava/lang/Object;IIILjava/lang/Object;Ljava/lang/Object;I)Ljava/lang/Object;> (0x00000000895557c8) thrown at [c:/workspace/9-2-build
Event: 4.851 Thread 0x0000023d6cf8e800 Exception <a 'java/lang/NoSuchMethodError'{0x000000008956d3a0}: java.lang.invoke.DirectMethodHandle$Holder.invokeSpecial(Ljava/lang/Object;Ljava/lang/Object;Ljava/lang/Object;Ljava/lang/Object;I)Ljava/lang/Object;> (0x000000008956d3a0) thrown at [c:/works

Events (10 events):
Event: 10149.046 Executing VM operation: GetOrSetLocal done
Event: 10149.047 Executing VM operation: GetFrameCount
Event: 10149.047 Executing VM operation: GetFrameCount done
Event: 10149.047 Executing VM operation: GetFrameLocation
Event: 10149.047 Executing VM operation: GetFrameLocation done
Event: 10149.047 Executing VM operation: GetFrameLocation
Event: 10149.047 Executing VM operation: GetFrameLocation done
Event: 10149.047 Executing VM operation: GetOrSetLocal
Event: 10149.047 Executing VM operation: GetOrSetLocal done
Event: 10149.057 Executing VM operation: GetOrSetLocal


Dynamic libraries:
0x00007ff648e40000 - 0x00007ff648e7e000 	C:\Program Files\Java\jdk-9\bin\java.exe
0x00007ffea7390000 - 0x00007ffea7571000 	C:\WINDOWS\SYSTEM32\ntdll.dll
0x00007ffea5370000 - 0x00007ffea5422000 	C:\WINDOWS\System32\KERNEL32.DLL
0x00007ffea3760000 - 0x00007ffea39d3000 	C:\WINDOWS\System32\KERNELBASE.dll
0x00007ffea5180000 - 0x00007ffea5221000 	C:\WINDOWS\System32\ADVAPI32.dll
0x00007ffea6c40000 - 0x00007ffea6cde000 	C:\WINDOWS\System32\msvcrt.dll
0x00007ffea5540000 - 0x00007ffea559b000 	C:\WINDOWS\System32\sechost.dll
0x00007ffea4820000 - 0x00007ffea4944000 	C:\WINDOWS\System32\RPCRT4.dll
0x00007ffea6a50000 - 0x00007ffea6be0000 	C:\WINDOWS\System32\USER32.dll
0x00007ffea39e0000 - 0x00007ffea3a00000 	C:\WINDOWS\System32\win32u.dll
0x00007ffea7290000 - 0x00007ffea72b8000 	C:\WINDOWS\System32\GDI32.dll
0x00007ffea3a00000 - 0x00007ffea3b92000 	C:\WINDOWS\System32\gdi32full.dll
0x00007ffea46a0000 - 0x00007ffea473f000 	C:\WINDOWS\System32\msvcp_win.dll
0x00007ffea3ba0000 - 0x00007ffea3c9a000 	C:\WINDOWS\System32\ucrtbase.dll
0x00007ffe94a80000 - 0x00007ffe94ce9000 	C:\WINDOWS\WinSxS\amd64_microsoft.windows.common-controls_6595b64144ccf1df_6.0.17134.590_none_fb3d9bff3069e088\COMCTL32.dll
0x00007ffea4b20000 - 0x00007ffea4e42000 	C:\WINDOWS\System32\combase.dll
0x00007ffea28b0000 - 0x00007ffea28ba000 	C:\WINDOWS\SYSTEM32\VERSION.dll
0x00007ffea4740000 - 0x00007ffea47ba000 	C:\WINDOWS\System32\bcryptPrimitives.dll
0x00007ffea4950000 - 0x00007ffea497d000 	C:\WINDOWS\System32\IMM32.DLL
0x00007ffe6a6f0000 - 0x00007ffe6a7df000 	C:\Program Files\Java\jdk-9\bin\msvcr120.dll
0x00007ffe6c500000 - 0x00007ffe6c5a6000 	C:\Program Files\Java\jdk-9\bin\msvcp120.dll
0x0000000066b00000 - 0x000000006752a000 	C:\Program Files\Java\jdk-9\bin\server\jvm.dll
0x00007ffea5360000 - 0x00007ffea5368000 	C:\WINDOWS\System32\PSAPI.DLL
0x00007ffe8f250000 - 0x00007ffe8f259000 	C:\WINDOWS\SYSTEM32\WSOCK32.dll
0x00007ffe9dab0000 - 0x00007ffe9dad3000 	C:\WINDOWS\SYSTEM32\WINMM.dll
0x00007ffea69e0000 - 0x00007ffea6a4c000 	C:\WINDOWS\System32\WS2_32.dll
0x00007ffe9da70000 - 0x00007ffe9da9a000 	C:\WINDOWS\SYSTEM32\winmmbase.dll
0x00007ffea45a0000 - 0x00007ffea45e9000 	C:\WINDOWS\System32\cfgmgr32.dll
0x00007ffe9e090000 - 0x00007ffe9e09f000 	C:\Program Files\Java\jdk-9\bin\verify.dll
0x00007ffe9cfa0000 - 0x00007ffe9cfc7000 	C:\Program Files\Java\jdk-9\bin\java.dll
0x00007ffe830b0000 - 0x00007ffe830e6000 	C:\Program Files\Java\jdk-9\bin\jdwp.dll
0x00007ffe88bc0000 - 0x00007ffe88bea000 	C:\Program Files\Java\jdk-9\bin\instrument.dll
0x00007ffe9e070000 - 0x00007ffe9e086000 	C:\Program Files\Java\jdk-9\bin\zip.dll
0x00007ffe9d100000 - 0x00007ffe9d10a000 	C:\Program Files\Java\jdk-9\bin\jimage.dll
0x00007ffea55a0000 - 0x00007ffea69e0000 	C:\WINDOWS\System32\SHELL32.dll
0x00007ffea5230000 - 0x00007ffea52d9000 	C:\WINDOWS\System32\shcore.dll
0x00007ffea3ca0000 - 0x00007ffea43ad000 	C:\WINDOWS\System32\windows.storage.dll
0x00007ffea5050000 - 0x00007ffea50a1000 	C:\WINDOWS\System32\shlwapi.dll
0x00007ffea36f0000 - 0x00007ffea3701000 	C:\WINDOWS\System32\kernel.appcore.dll
0x00007ffea36a0000 - 0x00007ffea36bf000 	C:\WINDOWS\System32\profapi.dll
0x00007ffea3710000 - 0x00007ffea375c000 	C:\WINDOWS\System32\powrprof.dll
0x00007ffea36e0000 - 0x00007ffea36ea000 	C:\WINDOWS\System32\FLTLIB.DLL
0x00007ffe93620000 - 0x00007ffe9363a000 	C:\Program Files\Java\jdk-9\bin\net.dll
0x00007ffe98ff0000 - 0x00007ffe990cd000 	C:\WINDOWS\SYSTEM32\WINHTTP.dll
0x00007ffea2f20000 - 0x00007ffea2f86000 	C:\WINDOWS\system32\mswsock.dll
0x00007ffe92be0000 - 0x00007ffe92bf1000 	C:\Program Files\Java\jdk-9\bin\nio.dll
0x00007ffe93610000 - 0x00007ffe9361a000 	C:\Program Files\Java\jdk-9\bin\dt_socket.dll
0x00007ffe651a0000 - 0x00007ffe6533a000 	C:\Program Files\Java\jdk-9\bin\awt.dll
0x00007ffea50b0000 - 0x00007ffea5173000 	C:\WINDOWS\System32\OLEAUT32.dll
0x00007ffe9fad0000 - 0x00007ffea0097000 	C:\WINDOWS\SYSTEM32\d2d1.dll
0x00007ffea0830000 - 0x00007ffea08bb000 	C:\WINDOWS\SYSTEM32\apphelp.dll
0x00007ffea1670000 - 0x00007ffea1699000 	C:\WINDOWS\system32\DWMAPI.DLL
0x00007ffea0780000 - 0x00007ffea0818000 	C:\WINDOWS\system32\uxtheme.dll
0x00007ffe8c510000 - 0x00007ffe8c630000 	C:\WINDOWS\system32\opengl32.dll
0x00007ffe9a120000 - 0x00007ffe9a14c000 	C:\WINDOWS\SYSTEM32\GLU32.dll
0x00007ffea49a0000 - 0x00007ffea4b13000 	C:\WINDOWS\System32\MSCTF.dll
0x00007ffe85240000 - 0x00007ffe85319000 	c:\Program Files\HP\HP ProtectTools Security Manager\Bin\DpoFeedb.dll
0x00007ffea35a0000 - 0x00007ffea35c8000 	C:\WINDOWS\SYSTEM32\USERENV.dll
0x00007ffea7130000 - 0x00007ffea7281000 	C:\WINDOWS\System32\ole32.dll
0x00007ffe6a650000 - 0x00007ffe6a6ed000 	C:\Program Files\Java\jdk-9\bin\fontmanager.dll
0x00007ffe82880000 - 0x00007ffe828c2000 	C:\Program Files\Java\jdk-9\bin\t2k.dll
0x00007ffe8eb50000 - 0x00007ffe8ebe6000 	C:\WINDOWS\System32\TextInputFramework.dll
0x00007ffe9b020000 - 0x00007ffe9b33e000 	C:\WINDOWS\System32\CoreUIComponents.dll
0x00007ffea0580000 - 0x00007ffea065a000 	C:\WINDOWS\System32\CoreMessaging.dll
0x00007ffe9e860000 - 0x00007ffe9e9ad000 	C:\WINDOWS\SYSTEM32\wintypes.dll
0x00007ffea25f0000 - 0x00007ffea2621000 	C:\WINDOWS\SYSTEM32\ntmarta.dll
0x00007ffea1230000 - 0x00007ffea13f9000 	C:\WINDOWS\SYSTEM32\dbghelp.dll

VM Arguments:
jvm_args: -agentlib:jdwp=transport=dt_socket,address=127.0.0.1:57174,suspend=y,server=n -javaagent:C:\Users\hiltc\.IdeaIC2018.2\system\captureAgent\debugger-agent.jar=file:/C:/Users/hiltc/AppData/Local/Temp/capture.props -Dfile.encoding=UTF-8 
java_command: FIT_16207_Gild_Init.ru.nsu.InitMainWindow
java_class_path (initial): C:\Users\hiltc\IdeaProjects\Life\out\production\Life;C:\Program Files\JetBrains\IntelliJ IDEA Community Edition 2018.2.3\lib\idea_rt.jar
Launcher Type: SUN_STANDARD

Logging:
Log output configuration:
#0: stdout all=warning uptime,level,tags
#1: stderr all=off uptime,level,tags

Environment Variables:
PATH=C:\ProgramData\Oracle\Java\javapath;C:\Program Files (x86)\Intel\iCLS Client\;C:\Program Files\Intel\iCLS Client\;C:\windows\system32;C:\windows;C:\windows\System32\Wbem;C:\windows\System32\WindowsPowerShell\v1.0\;C:\Program Files (x86)\NVIDIA Corporation\PhysX\Common;C:\Program Files (x86)\Intel\Intel(R) Management Engine Components\DAL;C:\Program Files\Intel\Intel(R) Management Engine Components\DAL;C:\Program Files (x86)\Intel\Intel(R) Management Engine Components\IPT;C:\Program Files\Intel\Intel(R) Management Engine Components\IPT;C:\Program Files\Intel\WiFi\bin\;C:\Program Files\Common Files\Intel\WirelessCommon\;C:\WINDOWS\system32;C:\WINDOWS;C:\WINDOWS\System32\Wbem;C:\WINDOWS\System32\WindowsPowerShell\v1.0\;C:\WINDOWS\System32\OpenSSH\;C:\Program Files\dotnet\;C:\Program Files\Microsoft SQL Server\130\Tools\Binn\;C:\Users\hiltc\AppData\Local\Microsoft\WindowsApps;%USERPROFILE%\AppData\Local\Microsoft\WindowsApps;C:\Users\hiltc\.dotnet\tools
USERNAME=hiltc
OS=Windows_NT
PROCESSOR_IDENTIFIER=Intel64 Family 6 Model 142 Stepping 10, GenuineIntel



---------------  S Y S T E M  ---------------

OS: Windows 10 , 64 bit Build 17134 (10.0.17134.556)

CPU:total 8 (initial active 8) (4 cores per cpu, 2 threads per core) family 6 model 142 stepping 10, cmov, cx8, fxsr, mmx, sse, sse2, sse3, ssse3, sse4.1, sse4.2, popcnt, avx, avx2, aes, clmul, erms, 3dnowpref, lzcnt, ht, tsc, tscinvbit, bmi1, bmi2, adx, fma

Memory: 4k page, physical 8281288k(1571736k free), swap 14834888k(2533912k free)

vm_info: Java HotSpot(TM) 64-Bit Server VM (9+181) for windows-amd64 JRE (9+181), built on Aug  2 2017 21:30:51 by "javare" with MS VC++ 12.0 (VS2013)

END.
